Start testing: Sep 23 15:19 CEST
----------------------------------------------------------
1/1 Testing: quick_sort_test
1/1 Test: quick_sort_test
Command: "/usr/bin/python3" "/home/nw1728/y2q1/AlgoDS/3/week3-code/scripts/test_sorting.py" "quick_sort" "/home/nw1728/y2q1/AlgoDS/3/week3-code/quick_sort/tests/quick_sort_test_cases"
Directory: /home/nw1728/y2q1/AlgoDS/3/week3-code/build/quick_sort
"quick_sort_test" start time: Sep 23 15:19 CEST
Output:
----------------------------------------------------------




<end of output>
Test time =   0.51 sec
----------------------------------------------------------
Test Passed.
"quick_sort_test" end time: Sep 23 15:19 CEST
"quick_sort_test" time elapsed: 00:00:00
----------------------------------------------------------

End testing: Sep 23 15:19 CEST
