Start testing: Sep 25 22:00 CEST
----------------------------------------------------------
1/4 Testing: bst_remove_leaf_test
1/4 Test: bst_remove_leaf_test
Command: "/usr/bin/python3" "/home/nw1728/y2q1/AlgoDS/4/week4-code/scripts/test.py" "manage_bst" "/home/nw1728/y2q1/AlgoDS/4/week4-code/manage_bst/tests/bst_remove_leaf_cases"
Directory: /home/nw1728/y2q1/AlgoDS/4/week4-code/build/manage_bst
"bst_remove_leaf_test" start time: Sep 25 22:00 CEST
Output:
----------------------------------------------------------
All test cases passed
<end of output>
Test time =   0.08 sec
----------------------------------------------------------
Test Passed.
"bst_remove_leaf_test" end time: Sep 25 22:00 CEST
"bst_remove_leaf_test" time elapsed: 00:00:00
----------------------------------------------------------

2/4 Testing: bst_remove_single_child_test
2/4 Test: bst_remove_single_child_test
Command: "/usr/bin/python3" "/home/nw1728/y2q1/AlgoDS/4/week4-code/scripts/test.py" "manage_bst" "/home/nw1728/y2q1/AlgoDS/4/week4-code/manage_bst/tests/bst_remove_single_child_cases"
Directory: /home/nw1728/y2q1/AlgoDS/4/week4-code/build/manage_bst
"bst_remove_single_child_test" start time: Sep 25 22:00 CEST
Output:
----------------------------------------------------------
All test cases passed
<end of output>
Test time =   0.10 sec
----------------------------------------------------------
Test Passed.
"bst_remove_single_child_test" end time: Sep 25 22:00 CEST
"bst_remove_single_child_test" time elapsed: 00:00:00
----------------------------------------------------------

3/4 Testing: bst_remove_tricky_test
3/4 Test: bst_remove_tricky_test
Command: "/usr/bin/python3" "/home/nw1728/y2q1/AlgoDS/4/week4-code/scripts/test.py" "manage_bst" "/home/nw1728/y2q1/AlgoDS/4/week4-code/manage_bst/tests/bst_remove_tricky_cases"
Directory: /home/nw1728/y2q1/AlgoDS/4/week4-code/build/manage_bst
"bst_remove_tricky_test" start time: Sep 25 22:00 CEST
Output:
----------------------------------------------------------
All test cases passed
<end of output>
Test time =   0.10 sec
----------------------------------------------------------
Test Passed.
"bst_remove_tricky_test" end time: Sep 25 22:00 CEST
"bst_remove_tricky_test" time elapsed: 00:00:00
----------------------------------------------------------

4/4 Testing: bst_insert_test
4/4 Test: bst_insert_test
Command: "/usr/bin/python3" "/home/nw1728/y2q1/AlgoDS/4/week4-code/scripts/test.py" "manage_bst" "/home/nw1728/y2q1/AlgoDS/4/week4-code/manage_bst/tests/bst_insert_cases"
Directory: /home/nw1728/y2q1/AlgoDS/4/week4-code/build/manage_bst
"bst_insert_test" start time: Sep 25 22:00 CEST
Output:
----------------------------------------------------------
All test cases passed
<end of output>
Test time =   0.18 sec
----------------------------------------------------------
Test Passed.
"bst_insert_test" end time: Sep 25 22:00 CEST
"bst_insert_test" time elapsed: 00:00:00
----------------------------------------------------------

End testing: Sep 25 22:00 CEST
