Start testing: Sep 16 22:41 CEST
----------------------------------------------------------
1/1 Testing: anagrams_test
1/1 Test: anagrams_test
Command: "/usr/bin/python3" "/home/nw1728/y2q1/AlgoDS/2/week2-code/scripts/test_target.py" "anagrams" "/home/nw1728/y2q1/AlgoDS/2/week2-code/anagrams/tests/anagrams_cases"
Directory: /home/nw1728/y2q1/AlgoDS/2/week2-code/build/anagrams
"anagrams_test" start time: Sep 16 22:41 CEST
Output:
----------------------------------------------------------
<end of output>
Test time =   0.13 sec
----------------------------------------------------------
Test Passed.
"anagrams_test" end time: Sep 16 22:41 CEST
"anagrams_test" time elapsed: 00:00:00
----------------------------------------------------------

End testing: Sep 16 22:41 CEST
