Start testing: Sep 16 22:39 CEST
----------------------------------------------------------
1/1 Testing: unsafe_buffer_test
1/1 Test: unsafe_buffer_test
Command: "/usr/bin/python3" "/home/nw1728/y2q1/AlgoDS/2/week2-code/scripts/test_target.py" "unsafe_buffer" "/home/nw1728/y2q1/AlgoDS/2/week2-code/unsafe_buffer/tests/unsafe_buffer_cases"
Directory: /home/nw1728/y2q1/AlgoDS/2/week2-code/build/unsafe_buffer
"unsafe_buffer_test" start time: Sep 16 22:39 CEST
Output:
----------------------------------------------------------

The answer for the following test input is incorrect: 5 Hello***** 
 got Hello
 expected oello
<end of output>
Test time =   0.04 sec
----------------------------------------------------------
Test Failed.
"unsafe_buffer_test" end time: Sep 16 22:39 CEST
"unsafe_buffer_test" time elapsed: 00:00:00
----------------------------------------------------------

End testing: Sep 16 22:39 CEST
