Start testing: Sep 24 22:05 CEST
----------------------------------------------------------
1/1 Testing: list_reverse_test
1/1 Test: list_reverse_test
Command: "/usr/bin/python3" "/home/nw1728/y2q1/AlgoDS/3/week3-code/scripts/test_target.py" "list_reverse" "/home/nw1728/y2q1/AlgoDS/3/week3-code/list_reverse/tests/list_reverse_test_cases"
Directory: /home/nw1728/y2q1/AlgoDS/3/week3-code/build/list_reverse
"list_reverse_test" start time: Sep 24 22:05 CEST
Output:
----------------------------------------------------------
<end of output>
Test time =   0.51 sec
----------------------------------------------------------
Test Passed.
"list_reverse_test" end time: Sep 24 22:05 CEST
"list_reverse_test" time elapsed: 00:00:00
----------------------------------------------------------

End testing: Sep 24 22:05 CEST
