Start testing: Sep 28 18:26 CEST
----------------------------------------------------------
1/1 Testing: tree_slice_test
1/1 Test: tree_slice_test
Command: "/usr/local/bin/python3" "/Users/nw1728/y2q1/AlgoDS/4/week4-code/scripts/test.py" "tree_slice" "/Users/nw1728/y2q1/AlgoDS/4/week4-code/tree_slice/tests/tree_slice_test_cases"
Directory: /Users/nw1728/y2q1/AlgoDS/4/week4-code/build/tree_slice
"tree_slice_test" start time: Sep 28 18:26 CEST
Output:
----------------------------------------------------------
All test cases passed
<end of output>
Test time =   2.10 sec
----------------------------------------------------------
Test Passed.
"tree_slice_test" end time: Sep 28 18:26 CEST
"tree_slice_test" time elapsed: 00:00:02
----------------------------------------------------------

End testing: Sep 28 18:26 CEST
