Start testing: Sep 28 18:43 CEST
----------------------------------------------------------
1/1 Testing: subsets_test
1/1 Test: subsets_test
Command: "/usr/local/bin/python3" "/Users/nw1728/y2q1/AlgoDS/4/week4-code/scripts/test.py" "subsets" "/Users/nw1728/y2q1/AlgoDS/4/week4-code/subsets/tests/subsets_test_cases"
Directory: /Users/nw1728/y2q1/AlgoDS/4/week4-code/build/subsets
"subsets_test" start time: Sep 28 18:43 CEST
Output:
----------------------------------------------------------
All test cases passed
<end of output>
Test time =   2.27 sec
----------------------------------------------------------
Test Passed.
"subsets_test" end time: Sep 28 18:43 CEST
"subsets_test" time elapsed: 00:00:02
----------------------------------------------------------

End testing: Sep 28 18:43 CEST
