Start testing: Sep 03 21:40 CEST
----------------------------------------------------------
1/3 Testing: sorted_array_test_insert
1/3 Test: sorted_array_test_insert
Command: "/usr/bin/python3" "/home/nw1728/y2q1/AlgoDS/1/week1-code/scripts/test_target.py" "sorted_arrays" "/home/nw1728/y2q1/AlgoDS/1/week1-code/sorted_arrays/tests/insert_cases"
Directory: /home/nw1728/y2q1/AlgoDS/1/week1-code/build/sorted_arrays
"sorted_array_test_insert" start time: Sep 03 21:40 CEST
Output:
----------------------------------------------------------

The answer for the following test input is incorrect: [1, 2, 3, 4, 5] insert 3 
 got [1, 2, 3, 3, 4, 5]
 expected [1, 2, 3, 4, 5]
<end of output>
Test time =   0.03 sec
----------------------------------------------------------
Test Failed.
"sorted_array_test_insert" end time: Sep 03 21:40 CEST
"sorted_array_test_insert" time elapsed: 00:00:00
----------------------------------------------------------

2/3 Testing: sorted_array_test_contains
2/3 Test: sorted_array_test_contains
Command: "/usr/bin/python3" "/home/nw1728/y2q1/AlgoDS/1/week1-code/scripts/test_target.py" "sorted_arrays" "/home/nw1728/y2q1/AlgoDS/1/week1-code/sorted_arrays/tests/contains_cases"
Directory: /home/nw1728/y2q1/AlgoDS/1/week1-code/build/sorted_arrays
"sorted_array_test_contains" start time: Sep 03 21:40 CEST
Output:
----------------------------------------------------------
<end of output>
Test time =   0.04 sec
----------------------------------------------------------
Test Passed.
"sorted_array_test_contains" end time: Sep 03 21:40 CEST
"sorted_array_test_contains" time elapsed: 00:00:00
----------------------------------------------------------

3/3 Testing: sorted_array_test_remove
3/3 Test: sorted_array_test_remove
Command: "/usr/bin/python3" "/home/nw1728/y2q1/AlgoDS/1/week1-code/scripts/test_target.py" "sorted_arrays" "/home/nw1728/y2q1/AlgoDS/1/week1-code/sorted_arrays/tests/remove_cases"
Directory: /home/nw1728/y2q1/AlgoDS/1/week1-code/build/sorted_arrays
"sorted_array_test_remove" start time: Sep 03 21:40 CEST
Output:
----------------------------------------------------------
<end of output>
Test time =   0.03 sec
----------------------------------------------------------
Test Passed.
"sorted_array_test_remove" end time: Sep 03 21:40 CEST
"sorted_array_test_remove" time elapsed: 00:00:00
----------------------------------------------------------

End testing: Sep 03 21:40 CEST
